[32m[Nest] 1850  - [39m05/14/2026, 6:00:08 PM [32m    LOG[39m [38;5;3m[NestFactory] [39m[32mStarting Nest application...[39m
[32m[Nest] 1850  - [39m05/14/2026, 6:00:08 PM [32m    LOG[39m [38;5;3m[InstanceLoader] [39m[32mAppModule dependencies initialized[39m[38;5;3m +5ms[39m
[32m[Nest] 1850  - [39m05/14/2026, 6:00:08 PM [32m    LOG[39m [38;5;3m[InstanceLoader] [39m[32mTypeOrmModule dependencies initialized[39m[38;5;3m +0ms[39m
[32m[Nest] 1850  - [39m05/14/2026, 6:00:08 PM [32m    LOG[39m [38;5;3m[InstanceLoader] [39m[32mPassportModule dependencies initialized[39m[38;5;3m +0ms[39m
[32m[Nest] 1850  - [39m05/14/2026, 6:00:08 PM [32m    LOG[39m [38;5;3m[InstanceLoader] [39m[32mConfigHostModule dependencies initialized[39m[38;5;3m +0ms[39m
[32m[Nest] 1850  - [39m05/14/2026, 6:00:08 PM [32m    LOG[39m [38;5;3m[InstanceLoader] [39m[32mConfigModule dependencies initialized[39m[38;5;3m +0ms[39m
[32m[Nest] 1850  - [39m05/14/2026, 6:00:08 PM [32m    LOG[39m [38;5;3m[InstanceLoader] [39m[32mConfigModule dependencies initialized[39m[38;5;3m +0ms[39m
[32m[Nest] 1850  - [39m05/14/2026, 6:00:08 PM [32m    LOG[39m [38;5;3m[InstanceLoader] [39m[32mJwtModule dependencies initialized[39m[38;5;3m +17ms[39m
[90m[4mquery:[24m[39m [94mSELECT[0m [95mversion[0m[37m([0m[37m)[0m
[90m[4mquery:[24m[39m [94mSELECT[0m [37m*[0m [94mFROM[0m [95mcurrent_schema[0m[37m([0m[37m)[0m
[32m[Nest] 1850  - [39m05/14/2026, 6:00:08 PM [32m    LOG[39m [38;5;3m[InstanceLoader] [39m[32mTypeOrmCoreModule dependencies initialized[39m[38;5;3m +22ms[39m
[32m[Nest] 1850  - [39m05/14/2026, 6:00:08 PM [32m    LOG[39m [38;5;3m[InstanceLoader] [39m[32mTypeOrmModule dependencies initialized[39m[38;5;3m +0ms[39m
[32m[Nest] 1850  - [39m05/14/2026, 6:00:08 PM [32m    LOG[39m [38;5;3m[InstanceLoader] [39m[32mTypeOrmModule dependencies initialized[39m[38;5;3m +0ms[39m
[32m[Nest] 1850  - [39m05/14/2026, 6:00:08 PM [32m    LOG[39m [38;5;3m[InstanceLoader] [39m[32mTypeOrmModule dependencies initialized[39m[38;5;3m +0ms[39m
[32m[Nest] 1850  - [39m05/14/2026, 6:00:08 PM [32m    LOG[39m [38;5;3m[InstanceLoader] [39m[32mTypeOrmModule dependencies initialized[39m[38;5;3m +0ms[39m
[32m[Nest] 1850  - [39m05/14/2026, 6:00:08 PM [32m    LOG[39m [38;5;3m[InstanceLoader] [39m[32mTypeOrmModule dependencies initialized[39m[38;5;3m +0ms[39m
[32m[Nest] 1850  - [39m05/14/2026, 6:00:08 PM [32m    LOG[39m [38;5;3m[InstanceLoader] [39m[32mAuthModule dependencies initialized[39m[38;5;3m +0ms[39m
[32m[Nest] 1850  - [39m05/14/2026, 6:00:08 PM [32m    LOG[39m [38;5;3m[InstanceLoader] [39m[32mUsersModule dependencies initialized[39m[38;5;3m +0ms[39m
[32m[Nest] 1850  - [39m05/14/2026, 6:00:08 PM [32m    LOG[39m [38;5;3m[InstanceLoader] [39m[32mProductsModule dependencies initialized[39m[38;5;3m +0ms[39m
[32m[Nest] 1850  - [39m05/14/2026, 6:00:08 PM [32m    LOG[39m [38;5;3m[InstanceLoader] [39m[32mWarehousesModule dependencies initialized[39m[38;5;3m +0ms[39m
[32m[Nest] 1850  - [39m05/14/2026, 6:00:08 PM [32m    LOG[39m [38;5;3m[InstanceLoader] [39m[32mInventoryModule dependencies initialized[39m[38;5;3m +0ms[39m
[32m[Nest] 1850  - [39m05/14/2026, 6:00:08 PM [32m    LOG[39m [38;5;3m[RoutesResolver] [39m[32mAuthController {/api/auth}:[39m[38;5;3m +13ms[39m
[32m[Nest] 1850  - [39m05/14/2026, 6:00:08 PM [32m    LOG[39m [38;5;3m[RouterExplorer] [39m[32mMapped {/api/auth/register, POST} route[39m[38;5;3m +22ms[39m
[32m[Nest] 1850  - [39m05/14/2026, 6:00:08 PM [32m    LOG[39m [38;5;3m[RouterExplorer] [39m[32mMapped {/api/auth/login, POST} route[39m[38;5;3m +0ms[39m
[32m[Nest] 1850  - [39m05/14/2026, 6:00:08 PM [32m    LOG[39m [38;5;3m[RoutesResolver] [39m[32mUsersController {/api/users}:[39m[38;5;3m +1ms[39m
[32m[Nest] 1850  - [39m05/14/2026, 6:00:08 PM [32m    LOG[39m [38;5;3m[RouterExplorer] [39m[32mMapped {/api/users/me, GET} route[39m[38;5;3m +0ms[39m
[32m[Nest] 1850  - [39m05/14/2026, 6:00:08 PM [32m    LOG[39m [38;5;3m[RouterExplorer] [39m[32mMapped {/api/users, GET} route[39m[38;5;3m +0ms[39m
[32m[Nest] 1850  - [39m05/14/2026, 6:00:08 PM [32m    LOG[39m [38;5;3m[RouterExplorer] [39m[32mMapped {/api/users/:id, GET} route[39m[38;5;3m +0ms[39m
[32m[Nest] 1850  - [39m05/14/2026, 6:00:08 PM [32m    LOG[39m [38;5;3m[RouterExplorer] [39m[32mMapped {/api/users/:id, PATCH} route[39m[38;5;3m +0ms[39m
[32m[Nest] 1850  - [39m05/14/2026, 6:00:08 PM [32m    LOG[39m [38;5;3m[RouterExplorer] [39m[32mMapped {/api/users/:id, DELETE} route[39m[38;5;3m +0ms[39m
[32m[Nest] 1850  - [39m05/14/2026, 6:00:08 PM [32m    LOG[39m [38;5;3m[RoutesResolver] [39m[32mProductsController {/api/products}:[39m[38;5;3m +0ms[39m
[32m[Nest] 1850  - [39m05/14/2026, 6:00:08 PM [32m    LOG[39m [38;5;3m[RouterExplorer] [39m[32mMapped {/api/products, GET} route[39m[38;5;3m +0ms[39m
[32m[Nest] 1850  - [39m05/14/2026, 6:00:08 PM [32m    LOG[39m [38;5;3m[RouterExplorer] [39m[32mMapped {/api/products/:id, GET} route[39m[38;5;3m +1ms[39m
[32m[Nest] 1850  - [39m05/14/2026, 6:00:08 PM [32m    LOG[39m [38;5;3m[RouterExplorer] [39m[32mMapped {/api/products, POST} route[39m[38;5;3m +0ms[39m
[32m[Nest] 1850  - [39m05/14/2026, 6:00:08 PM [32m    LOG[39m [38;5;3m[RouterExplorer] [39m[32mMapped {/api/products/:id, PATCH} route[39m[38;5;3m +0ms[39m
[32m[Nest] 1850  - [39m05/14/2026, 6:00:08 PM [32m    LOG[39m [38;5;3m[RouterExplorer] [39m[32mMapped {/api/products/:id, DELETE} route[39m[38;5;3m +0ms[39m
[32m[Nest] 1850  - [39m05/14/2026, 6:00:08 PM [32m    LOG[39m [38;5;3m[RoutesResolver] [39m[32mWarehousesController {/api/warehouses}:[39m[38;5;3m +0ms[39m
[32m[Nest] 1850  - [39m05/14/2026, 6:00:08 PM [32m    LOG[39m [38;5;3m[RouterExplorer] [39m[32mMapped {/api/warehouses, GET} route[39m[38;5;3m +0ms[39m
[32m[Nest] 1850  - [39m05/14/2026, 6:00:08 PM [32m    LOG[39m [38;5;3m[RouterExplorer] [39m[32mMapped {/api/warehouses/:id, GET} route[39m[38;5;3m +0ms[39m
[32m[Nest] 1850  - [39m05/14/2026, 6:00:08 PM [32m    LOG[39m [38;5;3m[RouterExplorer] [39m[32mMapped {/api/warehouses, POST} route[39m[38;5;3m +0ms[39m
[32m[Nest] 1850  - [39m05/14/2026, 6:00:08 PM [32m    LOG[39m [38;5;3m[RouterExplorer] [39m[32mMapped {/api/warehouses/:id, PATCH} route[39m[38;5;3m +0ms[39m
[32m[Nest] 1850  - [39m05/14/2026, 6:00:08 PM [32m    LOG[39m [38;5;3m[RouterExplorer] [39m[32mMapped {/api/warehouses/:id, DELETE} route[39m[38;5;3m +0ms[39m
[32m[Nest] 1850  - [39m05/14/2026, 6:00:08 PM [32m    LOG[39m [38;5;3m[RoutesResolver] [39m[32mInventoryController {/api/inventory}:[39m[38;5;3m +0ms[39m
[32m[Nest] 1850  - [39m05/14/2026, 6:00:08 PM [32m    LOG[39m [38;5;3m[RouterExplorer] [39m[32mMapped {/api/inventory, GET} route[39m[38;5;3m +0ms[39m
[32m[Nest] 1850  - [39m05/14/2026, 6:00:08 PM [32m    LOG[39m [38;5;3m[RouterExplorer] [39m[32mMapped {/api/inventory/warehouse/:warehouseId, GET} route[39m[38;5;3m +0ms[39m
[32m[Nest] 1850  - [39m05/14/2026, 6:00:08 PM [32m    LOG[39m [38;5;3m[RouterExplorer] [39m[32mMapped {/api/inventory/:id, GET} route[39m[38;5;3m +0ms[39m
[32m[Nest] 1850  - [39m05/14/2026, 6:00:08 PM [32m    LOG[39m [38;5;3m[RouterExplorer] [39m[32mMapped {/api/inventory, POST} route[39m[38;5;3m +0ms[39m
[32m[Nest] 1850  - [39m05/14/2026, 6:00:08 PM [32m    LOG[39m [38;5;3m[RouterExplorer] [39m[32mMapped {/api/inventory/:id, PATCH} route[39m[38;5;3m +0ms[39m
[32m[Nest] 1850  - [39m05/14/2026, 6:00:08 PM [32m    LOG[39m [38;5;3m[RouterExplorer] [39m[32mMapped {/api/inventory/:id, DELETE} route[39m[38;5;3m +0ms[39m
[32m[Nest] 1850  - [39m05/14/2026, 6:00:08 PM [32m    LOG[39m [38;5;3m[NestApplication] [39m[32mNest application successfully started[39m[38;5;3m +1ms[39m
Server running on http://localhost:3000
